<?xml version="1.0" encoding="UTF-8"?>
<testsuite xmlns:xsi="http://www.w3.org/2001/XMLSchema-instance" xsi:noNamespaceSchemaLocation="https://maven.apache.org/surefire/maven-surefire-plugin/xsd/surefire-test-report-3.0.xsd" version="3.0" name="NumbersCatTest" time="0.059" tests="24" errors="0" skipped="0" failures="0">
  <properties>
    <property name="java.specification.version" value="20"/>
    <property name="sun.cpu.isalist" value="amd64"/>
    <property name="sun.jnu.encoding" value="Cp1252"/>
    <property name="java.class.path" value="C:\Users\rober\IdeaProjects\SayBigNumberService\target\test-classes;C:\Users\rober\IdeaProjects\SayBigNumberService\target\classes;C:\Users\rober\.m2\repository\javax\servlet\servlet-api\2.5\servlet-api-2.5.jar;C:\Users\rober\.m2\repository\junit\junit\4.13.1\junit-4.13.1.jar;C:\Users\rober\.m2\repository\org\hamcrest\hamcrest-core\1.3\hamcrest-core-1.3.jar;C:\Users\rober\.m2\repository\org\junit\jupiter\junit-jupiter\5.8.1\junit-jupiter-5.8.1.jar;C:\Users\rober\.m2\repository\org\junit\jupiter\junit-jupiter-api\5.8.1\junit-jupiter-api-5.8.1.jar;C:\Users\rober\.m2\repository\org\opentest4j\opentest4j\1.2.0\opentest4j-1.2.0.jar;C:\Users\rober\.m2\repository\org\junit\platform\junit-platform-commons\1.8.1\junit-platform-commons-1.8.1.jar;C:\Users\rober\.m2\repository\org\apiguardian\apiguardian-api\1.1.2\apiguardian-api-1.1.2.jar;C:\Users\rober\.m2\repository\org\junit\jupiter\junit-jupiter-params\5.8.1\junit-jupiter-params-5.8.1.jar;C:\Users\rober\.m2\repository\org\junit\jupiter\junit-jupiter-engine\5.8.1\junit-jupiter-engine-5.8.1.jar;C:\Users\rober\.m2\repository\org\junit\platform\junit-platform-engine\1.8.1\junit-platform-engine-1.8.1.jar;"/>
    <property name="java.vm.vendor" value="Oracle Corporation"/>
    <property name="sun.arch.data.model" value="64"/>
    <property name="user.variant" value=""/>
    <property name="java.vendor.url" value="https://java.oracle.com/"/>
    <property name="user.timezone" value="Europe/Madrid"/>
    <property name="os.name" value="Windows 11"/>
    <property name="java.vm.specification.version" value="20"/>
    <property name="sun.java.launcher" value="SUN_STANDARD"/>
    <property name="user.country" value="ES"/>
    <property name="sun.boot.library.path" value="C:\Program Files\Java\jdk-20\bin"/>
    <property name="sun.java.command" value="C:\Users\rober\AppData\Local\Temp\surefire633544649050136199\surefirebooter-20230531164624174_3.jar C:\Users\rober\AppData\Local\Temp\surefire633544649050136199 2023-05-31T16-46-23_320-jvmRun1 surefire-20230531164624174_1tmp surefire_0-20230531164624174_2tmp"/>
    <property name="jdk.debug" value="release"/>
    <property name="surefire.test.class.path" value="C:\Users\rober\IdeaProjects\SayBigNumberService\target\test-classes;C:\Users\rober\IdeaProjects\SayBigNumberService\target\classes;C:\Users\rober\.m2\repository\javax\servlet\servlet-api\2.5\servlet-api-2.5.jar;C:\Users\rober\.m2\repository\junit\junit\4.13.1\junit-4.13.1.jar;C:\Users\rober\.m2\repository\org\hamcrest\hamcrest-core\1.3\hamcrest-core-1.3.jar;C:\Users\rober\.m2\repository\org\junit\jupiter\junit-jupiter\5.8.1\junit-jupiter-5.8.1.jar;C:\Users\rober\.m2\repository\org\junit\jupiter\junit-jupiter-api\5.8.1\junit-jupiter-api-5.8.1.jar;C:\Users\rober\.m2\repository\org\opentest4j\opentest4j\1.2.0\opentest4j-1.2.0.jar;C:\Users\rober\.m2\repository\org\junit\platform\junit-platform-commons\1.8.1\junit-platform-commons-1.8.1.jar;C:\Users\rober\.m2\repository\org\apiguardian\apiguardian-api\1.1.2\apiguardian-api-1.1.2.jar;C:\Users\rober\.m2\repository\org\junit\jupiter\junit-jupiter-params\5.8.1\junit-jupiter-params-5.8.1.jar;C:\Users\rober\.m2\repository\org\junit\jupiter\junit-jupiter-engine\5.8.1\junit-jupiter-engine-5.8.1.jar;C:\Users\rober\.m2\repository\org\junit\platform\junit-platform-engine\1.8.1\junit-platform-engine-1.8.1.jar;"/>
    <property name="sun.cpu.endian" value="little"/>
    <property name="user.home" value="C:\Users\rober"/>
    <property name="user.language" value="es"/>
    <property name="java.specification.vendor" value="Oracle Corporation"/>
    <property name="java.version.date" value="2023-04-18"/>
    <property name="java.home" value="C:\Program Files\Java\jdk-20"/>
    <property name="file.separator" value="\"/>
    <property name="basedir" value="C:\Users\rober\IdeaProjects\SayBigNumberService"/>
    <property name="java.vm.compressedOopsMode" value="32-bit"/>
    <property name="line.separator" value="&#10;"/>
    <property name="java.vm.specification.vendor" value="Oracle Corporation"/>
    <property name="java.specification.name" value="Java Platform API Specification"/>
    <property name="surefire.real.class.path" value="C:\Users\rober\AppData\Local\Temp\surefire633544649050136199\surefirebooter-20230531164624174_3.jar"/>
    <property name="user.script" value=""/>
    <property name="sun.management.compiler" value="HotSpot 64-Bit Tiered Compilers"/>
    <property name="java.runtime.version" value="20.0.1+9-29"/>
    <property name="user.name" value="rober"/>
    <property name="stdout.encoding" value="Cp1252"/>
    <property name="path.separator" value=";"/>
    <property name="os.version" value="10.0"/>
    <property name="java.runtime.name" value="Java(TM) SE Runtime Environment"/>
    <property name="file.encoding" value="UTF-8"/>
    <property name="java.vm.name" value="Java HotSpot(TM) 64-Bit Server VM"/>
    <property name="localRepository" value="C:\Users\rober\.m2\repository"/>
    <property name="java.vendor.url.bug" value="https://bugreport.java.com/bugreport/"/>
    <property name="java.io.tmpdir" value="C:\Users\rober\AppData\Local\Temp\"/>
    <property name="java.version" value="20.0.1"/>
    <property name="user.dir" value="C:\Users\rober\IdeaProjects\SayBigNumberService"/>
    <property name="os.arch" value="amd64"/>
    <property name="java.vm.specification.name" value="Java Virtual Machine Specification"/>
    <property name="sun.os.patch.level" value=""/>
    <property name="native.encoding" value="Cp1252"/>
    <property name="java.library.path" value="C:\Program Files\Java\jdk-20\bin;C:\WINDOWS\Sun\Java\bin;C:\WINDOWS\system32;C:\WINDOWS;C:\Program Files (x86)\Common Files\Oracle\Java\javapath;C:\Windows\system32;C:\Windows;C:\Windows\System32\Wbem;C:\Windows\System32\WindowsPowerShell\v1.0\;C:\Windows\System32\OpenSSH\;C:\Program Files\NVIDIA Corporation\NVIDIA NvDLISR;C:\Program Files\Git\cmd;C:\Program Files (x86)\NVIDIA Corporation\PhysX\Common;C:\WINDOWS\system32;C:\WINDOWS;C:\WINDOWS\System32\Wbem;C:\WINDOWS\System32\WindowsPowerShell\v1.0\;C:\WINDOWS\System32\OpenSSH\;C:\Program Files\dotnet\;C:\Program Files\MySQL\MySQL Shell 8.0\bin\;C:\Users\rober\AppData\Local\Microsoft\WindowsApps;C:\Users\rober\AppData\Local\Programs\Microsoft VS Code\bin;C:\Users\rober\AppData\Local\JetBrains\Toolbox\scripts;C:\Program Files\Maven\apache-maven-3.9.2\bin;C:\Users\rober\AppData\Local\Microsoft\WindowsApps;C:\Users\rober\AppData\Local\GitHubDesktop\bin;."/>
    <property name="java.vm.info" value="mixed mode, sharing"/>
    <property name="stderr.encoding" value="Cp1252"/>
    <property name="java.vendor" value="Oracle Corporation"/>
    <property name="java.vm.version" value="20.0.1+9-29"/>
    <property name="sun.io.unicode.encoding" value="UnicodeLittle"/>
    <property name="java.class.version" value="64.0"/>
  </properties>
  <testcase name="donat_1000_retorna_Mil" classname="NumbersCatTest" time="0.021"/>
  <testcase name="donat_20_retorna_Vint" classname="NumbersCatTest" time="0.001"/>
  <testcase name="donat_21_retorna_Vint_i_un" classname="NumbersCatTest" time="0.004"/>
  <testcase name="donat_1_023_983" classname="NumbersCatTest" time="0.003"/>
  <testcase name="donat_1057_retorna_Mil_cinquanta_set" classname="NumbersCatTest" time="0.001"/>
  <testcase name="donat_323191" classname="NumbersCatTest" time="0"/>
  <testcase name="donat_2_retorna_Dos" classname="NumbersCatTest" time="0"/>
  <testcase name="donat_0_retorna_Zero" classname="NumbersCatTest" time="0.001"/>
  <testcase name="donat_Menys3" classname="NumbersCatTest" time="0.001"/>
  <testcase name="donat_41_retorna_Quaranta_un" classname="NumbersCatTest" time="0.001"/>
  <testcase name="donat_6_204_323" classname="NumbersCatTest" time="0.001"/>
  <testcase name="donat_100_retorna_Cent" classname="NumbersCatTest" time="0"/>
  <testcase name="donat_1237" classname="NumbersCatTest" time="0"/>
  <testcase name="donat_5123" classname="NumbersCatTest" time="0.001"/>
  <testcase name="donat_99_retorna_Noranta_nou" classname="NumbersCatTest" time="0.001"/>
  <testcase name="donat_1000000" classname="NumbersCatTest" time="0"/>
  <testcase name="donat_30" classname="NumbersCatTest" time="0"/>
  <testcase name="donat_31" classname="NumbersCatTest" time="0.001"/>
  <testcase name="donat_39" classname="NumbersCatTest" time="0.001"/>
  <testcase name="donat_40" classname="NumbersCatTest" time="0.001"/>
  <testcase name="donat_41" classname="NumbersCatTest" time="0"/>
  <testcase name="donat_999_retorna_Nou_cents_noranta_nou" classname="NumbersCatTest" time="0"/>
  <testcase name="donat_1_retorna_Un" classname="NumbersCatTest" time="0.001"/>
  <testcase name="donat_9_retorna_Nou" classname="NumbersCatTest" time="0.001"/>
</testsuite>